<?xml version="1.0" encoding="UTF-8"?>
<!-- Generated by org.testng.reporters.JUnitReportReporter -->
<testsuite hostname="MSI" failures="0" tests="1" name="syncExample.SampleAppSyncIssue" time="7.578" errors="0" timestamp="2024-04-20T12:35:40 IST" skipped="0">
  <testcase classname="syncExample.SampleAppSyncIssue" name="enterValue" time="7.578"/>
  <system-out/>
</testsuite> <!-- syncExample.SampleAppSyncIssue -->
