<?xml version="1.0" encoding="UTF-8"?>
<!-- Generated by org.testng.reporters.JUnitReportReporter -->
<testsuite hostname="MSI" failures="0" tests="1" name="test.LoginTest" time="12.997" errors="0" timestamp="2024-04-20T11:28:28 IST" skipped="0">
  <testcase classname="test.LoginTest" name="verifyLoginFeature" time="12.997"/>
  <system-out/>
</testsuite> <!-- test.LoginTest -->
