<?xml version="1.0" encoding="UTF-8"?>
<!-- Generated by org.testng.reporters.JUnitReportReporter -->
<testsuite hostname="MSI" failures="0" tests="1" name="syncExample.SampleAppSyncIssue2" time="4.661" errors="0" timestamp="2024-04-20T12:40:16 IST" skipped="0">
  <testcase classname="syncExample.SampleAppSyncIssue2" name="enterValue" time="4.661"/>
  <system-out/>
</testsuite> <!-- syncExample.SampleAppSyncIssue2 -->
