<?xml version="1.0" encoding="UTF-8"?>
<!-- Generated by org.testng.reporters.JUnitReportReporter -->
<testsuite hostname="MSI" failures="0" tests="1" name="logExample.NOPCommLoginTest" time="0.413" errors="0" timestamp="2024-06-08T15:58:53 IST" skipped="0">
  <testcase classname="logExample.NOPCommLoginTest" name="verifyLoginTest" time="0.413"/>
  <system-out/>
</testsuite> <!-- logExample.NOPCommLoginTest -->
