<?xml version="1.0" encoding="UTF-8"?>
<!-- Generated by org.testng.reporters.JUnitReportReporter -->
<testsuite hostname="MSI" failures="0" tests="1" name="headLessMode.NOPCommLogin" time="9.844" errors="0" timestamp="2024-04-20T12:06:11 IST" skipped="0">
  <testcase classname="headLessMode.NOPCommLogin" name="login" time="9.844"/>
  <system-out/>
</testsuite> <!-- headLessMode.NOPCommLogin -->
