<?xml version="1.0" encoding="UTF-8"?>
<!-- Generated by org.testng.reporters.JUnitReportReporter -->
<testsuite hostname="MSI" failures="0" tests="1" name="logExample.NOPCommLoginTest" time="0.539" errors="0" timestamp="2024-06-14T11:35:45 IST" skipped="0">
  <testcase classname="logExample.NOPCommLoginTest" name="verifyLoginTest" time="0.539"/>
  <system-out/>
</testsuite> <!-- logExample.NOPCommLoginTest -->
